<?xml version="1.0" encoding="UTF-8"?>
<!-- Generated by org.testng.reporters.JUnitXMLReporter -->
<testsuite ignored="0" hostname="Vasavi" failures="0" tests="3" name="products" time="0.065" errors="0" timestamp="2022-11-08T08:58:12 IST">
  <testcase classname="com.sgtesting.products.Products" name="createusers" time="0.011"/>
  <testcase classname="com.sgtesting.products.Products" name="deleteUser" time="0.005"/>
  <testcase classname="com.sgtesting.products.Products" name="modifyUser" time="0.011"/>
</testsuite> <!-- products -->
