<?xml version="1.0" encoding="UTF-8"?>
<!-- Generated by org.testng.reporters.JUnitXMLReporter -->
<testsuite ignored="0" hostname="Vasavi" failures="0" tests="3" name="users" time="0.204" errors="0" timestamp="2022-11-08T08:58:12 IST">
  <testcase classname="com.sgtesting.users.Users" name="createusers" time="0.023"/>
  <testcase classname="com.sgtesting.users.Users" name="deleteUser" time="0.005"/>
  <testcase classname="com.sgtesting.users.Users" name="modifyUser" time="0.003"/>
</testsuite> <!-- users -->
