<?xml version="1.0" encoding="UTF-8"?>
<!-- Generated by org.testng.reporters.JUnitXMLReporter -->
<testsuite ignored="0" hostname="Vasavi" failures="0" tests="6" name="Test cases" time="0.274" errors="0" timestamp="2022-11-08T08:35:07 IST">
  <testcase classname="com.sgtesting.users.Users" name="createusers" time="0.018"/>
  <testcase classname="com.sgtesting.users.Users" name="deleteUser" time="0.015"/>
  <testcase classname="com.sgtesting.users.Users" name="modifyUser" time="0.013"/>
  <testcase classname="com.sgtesting.products.Products" name="createusers" time="0.008"/>
  <testcase classname="com.sgtesting.products.Products" name="deleteUser" time="0.006"/>
  <testcase classname="com.sgtesting.products.Products" name="modifyUser" time="0.011"/>
</testsuite> <!-- Test cases -->
