<?xml version="1.0" encoding="UTF-8"?>
<!-- Generated by org.testng.reporters.JUnitXMLReporter -->
<testsuite ignored="0" hostname="Vasavi" failures="0" tests="3" name="Users1" time="0.195" errors="0" timestamp="2022-11-08T09:16:13 IST">
  <testcase classname="com.sgtesting.parameters.Users1" name="createusers" time="0.023"/>
  <testcase classname="com.sgtesting.parameters.Users1" name="deleteUser" time="0.004"/>
  <testcase classname="com.sgtesting.parameters.Users1" name="modifyUser" time="0.004"/>
</testsuite> <!-- Users1 -->
